2024-09-05T08:56:07.795Z info: Server started on port 5000
2024-09-05T10:10:41.272Z error: Unable to connect to the database:SequelizeConnectionError: database "Base_Dev" does not exist
2024-09-05T10:11:05.607Z error: Unable to connect to the database:SequelizeConnectionError: database "Base_Dev" does not exist
2024-09-05T13:01:28.156Z info: Incoming request: GET /api-docs
2024-09-05T13:01:28.176Z info: Incoming request: GET /api-docs/
2024-09-05T13:01:28.203Z info: Incoming request: GET /api-docs/swagger-ui.css
2024-09-05T13:01:28.213Z info: Incoming request: GET /api-docs/swagger-ui-bundle.js
2024-09-05T13:01:28.224Z info: Incoming request: GET /api-docs/swagger-ui-standalone-preset.js
2024-09-05T13:01:28.228Z info: Incoming request: GET /api-docs/swagger-ui-init.js
2024-09-05T13:01:28.566Z info: Incoming request: GET /api-docs/favicon-32x32.png
2024-09-05T13:02:06.984Z info: Incoming request: GET /api-docs/
2024-09-05T13:02:07.012Z info: Incoming request: GET /api-docs/swagger-ui.css
2024-09-05T13:02:07.015Z info: Incoming request: GET /api-docs/swagger-ui-bundle.js
2024-09-05T13:02:07.020Z info: Incoming request: GET /api-docs/swagger-ui-standalone-preset.js
2024-09-05T13:02:07.025Z info: Incoming request: GET /api-docs/swagger-ui-init.js
2024-09-05T13:02:07.320Z info: Incoming request: GET /api-docs/favicon-32x32.png
2024-09-05T13:03:20.072Z info: Incoming request: GET /api-docs/
2024-09-05T13:03:20.132Z info: Incoming request: GET /api-docs/swagger-ui.css
2024-09-05T13:03:20.142Z info: Incoming request: GET /api-docs/swagger-ui-bundle.js
2024-09-05T13:03:20.162Z info: Incoming request: GET /api-docs/swagger-ui-standalone-preset.js
2024-09-05T13:03:20.169Z info: Incoming request: GET /api-docs/swagger-ui-init.js
2024-09-05T13:03:20.301Z info: Incoming request: GET /api-docs/favicon-32x32.png
2024-09-05T13:03:22.014Z info: Incoming request: GET /api-docs/
2024-09-05T13:03:22.038Z info: Incoming request: GET /api-docs/swagger-ui.css
2024-09-05T13:03:22.044Z info: Incoming request: GET /api-docs/swagger-ui-bundle.js
2024-09-05T13:03:22.051Z info: Incoming request: GET /api-docs/swagger-ui-standalone-preset.js
2024-09-05T13:03:22.056Z info: Incoming request: GET /api-docs/swagger-ui-init.js
2024-09-05T13:03:22.165Z info: Incoming request: GET /api-docs/
2024-09-05T13:03:22.185Z info: Incoming request: GET /api-docs/favicon-32x32.png
2024-09-05T13:03:22.216Z info: Incoming request: GET /api-docs/swagger-ui.css
2024-09-05T13:03:22.228Z info: Incoming request: GET /api-docs/favicon-16x16.png
2024-09-05T13:03:22.235Z info: Incoming request: GET /api-docs/swagger-ui-bundle.js
2024-09-05T13:03:22.238Z info: Incoming request: GET /api-docs/swagger-ui-standalone-preset.js
2024-09-05T13:03:22.249Z info: Incoming request: GET /api-docs/swagger-ui-init.js
2024-09-05T13:03:22.334Z info: Incoming request: GET /api-docs/favicon-32x32.png
2024-09-05T13:03:22.484Z info: Incoming request: GET /api-docs/
2024-09-05T13:03:22.507Z info: Incoming request: GET /api-docs/swagger-ui.css
2024-09-05T13:03:22.522Z info: Incoming request: GET /api-docs/swagger-ui-bundle.js
2024-09-05T13:03:22.524Z info: Incoming request: GET /api-docs/swagger-ui-standalone-preset.js
2024-09-05T13:03:22.527Z info: Incoming request: GET /api-docs/swagger-ui-init.js
2024-09-05T13:03:22.621Z info: Incoming request: GET /api-docs/favicon-32x32.png
2024-09-05T13:03:33.991Z info: Incoming request: GET /api-docs/
2024-09-05T13:03:34.013Z info: Incoming request: GET /api-docs/swagger-ui.css
2024-09-05T13:03:34.016Z info: Incoming request: GET /api-docs/swagger-ui-bundle.js
2024-09-05T13:03:34.023Z info: Incoming request: GET /api-docs/swagger-ui-standalone-preset.js
2024-09-05T13:03:34.026Z info: Incoming request: GET /api-docs/swagger-ui-init.js
2024-09-05T13:03:34.134Z info: Incoming request: GET /api-docs/favicon-32x32.png
2024-09-05T13:03:34.679Z info: Incoming request: GET /api-docs/
2024-09-05T13:03:34.704Z info: Incoming request: GET /api-docs/swagger-ui.css
2024-09-05T13:03:34.706Z info: Incoming request: GET /api-docs/swagger-ui-bundle.js
2024-09-05T13:03:34.708Z info: Incoming request: GET /api-docs/swagger-ui-standalone-preset.js
2024-09-05T13:03:34.715Z info: Incoming request: GET /api-docs/swagger-ui-init.js
2024-09-05T13:03:34.829Z info: Incoming request: GET /api-docs/favicon-32x32.png
2024-09-05T13:03:34.847Z info: Incoming request: GET /api-docs/
2024-09-05T13:03:34.874Z info: Incoming request: GET /api-docs/swagger-ui.css
2024-09-05T13:03:34.889Z info: Incoming request: GET /api-docs/swagger-ui-bundle.js
2024-09-05T13:03:34.893Z info: Incoming request: GET /api-docs/swagger-ui-standalone-preset.js
2024-09-05T13:03:34.894Z info: Incoming request: GET /api-docs/swagger-ui-init.js
2024-09-05T13:03:34.980Z info: Incoming request: GET /api-docs/favicon-32x32.png
2024-09-05T13:03:35.007Z info: Incoming request: GET /api-docs/
2024-09-05T13:03:35.054Z info: Incoming request: GET /api-docs/swagger-ui.css
2024-09-05T13:03:35.055Z info: Incoming request: GET /api-docs/swagger-ui-bundle.js
2024-09-05T13:03:35.057Z info: Incoming request: GET /api-docs/swagger-ui-standalone-preset.js
2024-09-05T13:03:35.059Z info: Incoming request: GET /api-docs/swagger-ui-init.js
2024-09-05T13:03:35.167Z info: Incoming request: GET /api-docs/
2024-09-05T13:03:35.195Z info: Incoming request: GET /api-docs/swagger-ui.css
2024-09-05T13:03:35.201Z info: Incoming request: GET /api-docs/swagger-ui-bundle.js
2024-09-05T13:03:35.202Z info: Incoming request: GET /api-docs/swagger-ui-standalone-preset.js
2024-09-05T13:03:35.204Z info: Incoming request: GET /api-docs/swagger-ui-init.js
2024-09-05T13:03:35.303Z info: Incoming request: GET /api-docs/favicon-32x32.png
2024-09-05T13:03:35.356Z info: Incoming request: GET /api-docs/
2024-09-05T13:03:35.383Z info: Incoming request: GET /api-docs/swagger-ui.css
2024-09-05T13:03:35.386Z info: Incoming request: GET /api-docs/swagger-ui-bundle.js
2024-09-05T13:03:35.388Z info: Incoming request: GET /api-docs/swagger-ui-standalone-preset.js
2024-09-05T13:03:35.389Z info: Incoming request: GET /api-docs/swagger-ui-init.js
2024-09-05T13:03:35.484Z info: Incoming request: GET /api-docs/favicon-32x32.png
2024-09-05T13:03:35.525Z info: Incoming request: GET /api-docs/
2024-09-05T13:03:35.563Z info: Incoming request: GET /api-docs/swagger-ui.css
2024-09-05T13:03:35.575Z info: Incoming request: GET /api-docs/swagger-ui-bundle.js
2024-09-05T13:03:35.581Z info: Incoming request: GET /api-docs/swagger-ui-standalone-preset.js
2024-09-05T13:03:35.583Z info: Incoming request: GET /api-docs/swagger-ui-init.js
2024-09-05T13:03:35.677Z info: Incoming request: GET /api-docs/favicon-32x32.png
2024-09-05T13:03:35.699Z info: Incoming request: GET /api-docs/
2024-09-05T13:03:35.740Z info: Incoming request: GET /api-docs/swagger-ui.css
2024-09-05T13:03:35.745Z info: Incoming request: GET /api-docs/swagger-ui-bundle.js
2024-09-05T13:03:35.749Z info: Incoming request: GET /api-docs/swagger-ui-standalone-preset.js
2024-09-05T13:03:35.753Z info: Incoming request: GET /api-docs/swagger-ui-init.js
2024-09-05T13:03:35.862Z info: Incoming request: GET /api-docs/
2024-09-05T13:03:35.891Z info: Incoming request: GET /api-docs/swagger-ui.css
2024-09-05T13:03:35.905Z info: Incoming request: GET /api-docs/swagger-ui-bundle.js
2024-09-05T13:03:35.907Z info: Incoming request: GET /api-docs/swagger-ui-standalone-preset.js
2024-09-05T13:03:35.908Z info: Incoming request: GET /api-docs/swagger-ui-init.js
2024-09-05T13:03:35.984Z info: Incoming request: GET /api-docs/favicon-32x32.png
2024-09-05T13:03:36.037Z info: Incoming request: GET /api-docs/
2024-09-05T13:03:36.067Z info: Incoming request: GET /api-docs/swagger-ui.css
2024-09-05T13:03:36.068Z info: Incoming request: GET /api-docs/swagger-ui-bundle.js
2024-09-05T13:03:36.069Z info: Incoming request: GET /api-docs/swagger-ui-standalone-preset.js
2024-09-05T13:03:36.070Z info: Incoming request: GET /api-docs/swagger-ui-init.js
2024-09-05T13:03:36.158Z info: Incoming request: GET /api-docs/favicon-32x32.png
2024-09-05T13:03:36.206Z info: Incoming request: GET /api-docs/
2024-09-05T13:03:36.238Z info: Incoming request: GET /api-docs/swagger-ui.css
2024-09-05T13:03:36.242Z info: Incoming request: GET /api-docs/swagger-ui-bundle.js
2024-09-05T13:03:36.245Z info: Incoming request: GET /api-docs/swagger-ui-standalone-preset.js
2024-09-05T13:03:36.248Z info: Incoming request: GET /api-docs/swagger-ui-init.js
2024-09-05T13:03:36.327Z info: Incoming request: GET /api-docs/favicon-32x32.png
2024-09-05T13:03:36.374Z info: Incoming request: GET /api-docs/
2024-09-05T13:03:36.404Z info: Incoming request: GET /api-docs/swagger-ui.css
2024-09-05T13:03:36.406Z info: Incoming request: GET /api-docs/swagger-ui-bundle.js
2024-09-05T13:03:36.408Z info: Incoming request: GET /api-docs/swagger-ui-standalone-preset.js
2024-09-05T13:03:36.409Z info: Incoming request: GET /api-docs/swagger-ui-init.js
2024-09-05T13:03:36.483Z info: Incoming request: GET /api-docs/favicon-32x32.png
2024-09-05T13:03:36.558Z info: Incoming request: GET /api-docs/
2024-09-05T13:03:36.580Z info: Incoming request: GET /api-docs/swagger-ui.css
2024-09-05T13:03:36.582Z info: Incoming request: GET /api-docs/swagger-ui-bundle.js
2024-09-05T13:03:36.585Z info: Incoming request: GET /api-docs/swagger-ui-standalone-preset.js
2024-09-05T13:03:36.587Z info: Incoming request: GET /api-docs/swagger-ui-init.js
2024-09-05T13:03:36.673Z info: Incoming request: GET /api-docs/favicon-32x32.png
2024-09-05T13:22:13.822Z info: Incoming request: GET /api-docs/
2024-09-05T13:22:13.858Z info: Incoming request: GET /api-docs/swagger-ui.css
2024-09-05T13:22:13.862Z info: Incoming request: GET /api-docs/swagger-ui-bundle.js
2024-09-05T13:22:13.872Z info: Incoming request: GET /api-docs/swagger-ui-standalone-preset.js
2024-09-05T13:22:13.874Z info: Incoming request: GET /api-docs/swagger-ui-init.js
2024-09-05T13:22:13.953Z info: Incoming request: GET /api-docs/favicon-32x32.png
2024-09-05T13:23:11.678Z info: Incoming request: GET /api-docs/
2024-09-05T13:23:11.715Z info: Incoming request: GET /api-docs/swagger-ui.css
2024-09-05T13:23:11.721Z info: Incoming request: GET /api-docs/swagger-ui-bundle.js
2024-09-05T13:23:11.732Z info: Incoming request: GET /api-docs/swagger-ui-standalone-preset.js
2024-09-05T13:23:11.734Z info: Incoming request: GET /api-docs/swagger-ui-init.js
2024-09-05T13:23:12.082Z info: Incoming request: GET /api-docs/favicon-32x32.png
2024-09-05T13:23:45.297Z info: Incoming request: GET /api-docs/
2024-09-05T13:23:45.320Z info: Incoming request: GET /api-docs/swagger-ui.css
2024-09-05T13:23:45.334Z info: Incoming request: GET /api-docs/swagger-ui-bundle.js
2024-09-05T13:23:45.337Z info: Incoming request: GET /api-docs/swagger-ui-standalone-preset.js
2024-09-05T13:23:45.340Z info: Incoming request: GET /api-docs/swagger-ui-init.js
2024-09-05T13:23:45.497Z info: Incoming request: GET /api-docs/favicon-32x32.png
2024-09-05T13:24:00.557Z info: Incoming request: GET /api-docs/
2024-09-05T13:24:00.605Z info: Incoming request: GET /api-docs/swagger-ui.css
2024-09-05T13:24:00.613Z info: Incoming request: GET /api-docs/swagger-ui-bundle.js
2024-09-05T13:24:00.622Z info: Incoming request: GET /api-docs/swagger-ui-standalone-preset.js
2024-09-05T13:24:00.627Z info: Incoming request: GET /api-docs/swagger-ui-init.js
2024-09-05T13:24:00.766Z info: Incoming request: GET /api-docs/favicon-32x32.png
2024-09-05T13:24:09.081Z info: Incoming request: GET /user
2024-09-05T14:01:44.281Z info: Incoming request: GET /api-docs/
2024-09-05T14:01:44.342Z info: Incoming request: GET /api-docs/swagger-ui.css
2024-09-05T14:01:44.351Z info: Incoming request: GET /api-docs/swagger-ui-bundle.js
2024-09-05T14:01:44.359Z info: Incoming request: GET /api-docs/swagger-ui-init.js
2024-09-05T14:01:44.363Z info: Incoming request: GET /api-docs/swagger-ui-standalone-preset.js
2024-09-05T14:01:44.475Z info: Incoming request: GET /api-docs/favicon-32x32.png
2024-09-05T14:01:52.915Z info: Incoming request: POST /user
2024-09-05T14:04:27.530Z info: Incoming request: POST /user
2024-09-05T14:24:22.858Z info: Incoming request: POST /user
2024-09-05T14:25:19.421Z info: Incoming request: POST /user
2024-09-05T14:25:41.943Z info: Incoming request: POST /user
2024-09-05T14:25:57.290Z info: Incoming request: POST /user
2024-09-05T14:26:27.741Z info: Incoming request: POST /user
2024-09-05T14:26:40.709Z info: Incoming request: POST /user
2024-09-05T14:26:49.832Z info: Incoming request: POST /user
2024-09-05T14:53:34.817Z info: Incoming request: POST /user
2024-09-05T14:55:36.431Z info: Incoming request: POST /user
2024-09-05T15:02:06.069Z info: Incoming request: POST /user
2024-09-05T15:02:26.107Z info: Incoming request: POST /user
2024-09-05T15:03:29.622Z info: Incoming request: POST /user
2024-09-05T15:03:34.185Z error: Uncaught Exception:
2024-09-05T15:04:27.609Z info: Incoming request: POST /user
2024-09-05T15:04:29.848Z error: Uncaught Exception:
2024-09-05T15:04:58.070Z info: Incoming request: POST /user
2024-09-05T15:05:45.975Z error: Uncaught Exception:
2024-09-05T15:06:28.188Z info: Incoming request: POST /user
2024-09-05T15:06:34.029Z error: Uncaught Exception:
2024-09-05T15:07:03.734Z info: Incoming request: POST /user
2024-09-05T15:07:15.811Z error: Uncaught Exception:
2024-09-05T15:08:48.669Z info: Incoming request: POST /user
2024-09-05T15:09:02.666Z error: Invalid initialization vector
2024-09-05T15:09:24.626Z error: Uncaught Exception:
