2024-09-13T07:44:14.630Z info: Incoming request: GET /api-docs/
2024-09-13T07:44:14.670Z info: Incoming request: GET /api-docs/swagger-ui.css
2024-09-13T07:44:14.675Z info: Incoming request: GET /api-docs/swagger-ui-bundle.js
2024-09-13T07:44:14.682Z info: Incoming request: GET /api-docs/swagger-ui-standalone-preset.js
2024-09-13T07:44:14.684Z info: Incoming request: GET /api-docs/swagger-ui-init.js
2024-09-13T07:44:15.229Z info: Incoming request: GET /api-docs/favicon-32x32.png
2024-09-13T07:44:26.912Z info: Incoming request: GET /role
2024-09-13T07:53:54.073Z info: Incoming request: POST /assign-role
2024-09-13T07:54:00.681Z info: Incoming request: POST /assign-role
2024-09-13T07:54:04.648Z info: Incoming request: POST /assign-role
2024-09-13T07:54:51.163Z info: Incoming request: POST /assign-role
2024-09-13T07:58:35.526Z info: Incoming request: POST /assign-role
2024-09-13T07:58:35.756Z error: insert or update on table "UserRoles" violates foreign key constraint "UserRoles_roleId_fkey"
2024-09-13T07:58:54.455Z info: Incoming request: POST /assign-role
2024-09-13T07:59:22.026Z error: insert or update on table "UserRoles" violates foreign key constraint "UserRoles_roleId_fkey"
2024-09-13T07:59:55.345Z info: Incoming request: POST /assign-role
2024-09-13T08:00:03.313Z info: Incoming request: GET /role
2024-09-13T08:00:11.489Z info: Incoming request: POST /assign-role
2024-09-13T08:36:06.086Z info: Incoming request: GET /api-docs/
2024-09-13T08:36:06.129Z info: Incoming request: GET /api-docs/swagger-ui.css
2024-09-13T08:36:06.141Z info: Incoming request: GET /api-docs/swagger-ui-bundle.js
2024-09-13T08:36:06.162Z info: Incoming request: GET /api-docs/swagger-ui-standalone-preset.js
2024-09-13T08:36:06.172Z info: Incoming request: GET /api-docs/swagger-ui-init.js
2024-09-13T08:37:41.658Z info: Incoming request: GET /api-docs/json
2024-09-13T08:37:41.698Z info: Incoming request: GET /api-docs/swagger-ui.css
2024-09-13T08:37:41.722Z info: Incoming request: GET /api-docs/swagger-ui-bundle.js
2024-09-13T08:37:41.742Z info: Incoming request: GET /api-docs/swagger-ui-standalone-preset.js
2024-09-13T08:37:41.749Z info: Incoming request: GET /api-docs/swagger-ui-init.js
2024-09-13T08:37:49.316Z info: Incoming request: GET /
2024-09-13T08:37:49.377Z info: Incoming request: GET /favicon.ico
2024-09-13T08:38:03.174Z info: Incoming request: GET /api-docs
2024-09-13T08:38:03.207Z info: Incoming request: GET /api-docs/
2024-09-13T08:38:03.268Z info: Incoming request: GET /api-docs/swagger-ui.css
2024-09-13T08:38:03.305Z info: Incoming request: GET /api-docs/swagger-ui-bundle.js
2024-09-13T08:38:03.316Z info: Incoming request: GET /api-docs/swagger-ui-standalone-preset.js
2024-09-13T08:38:03.324Z info: Incoming request: GET /api-docs/swagger-ui-init.js
2024-09-13T08:39:14.465Z info: Incoming request: GET /api-docs/json
2024-09-13T08:39:14.506Z info: Incoming request: GET /api-docs/swagger-ui.css
2024-09-13T08:39:14.525Z info: Incoming request: GET /api-docs/swagger-ui-bundle.js
2024-09-13T08:39:14.539Z info: Incoming request: GET /api-docs/swagger-ui-standalone-preset.js
2024-09-13T08:39:14.547Z info: Incoming request: GET /api-docs/swagger-ui-init.js
2024-09-13T08:40:28.195Z info: Incoming request: GET /api-docs/json
2024-09-13T08:40:48.291Z info: Incoming request: GET /api-docs
2024-09-13T08:40:48.302Z info: Incoming request: GET /api-docs/
2024-09-13T10:10:10.119Z info: Incoming request: GET /api-docs/
2024-09-13T10:10:10.141Z info: Incoming request: GET /api-docs/swagger-ui.css
2024-09-13T10:10:10.147Z info: Incoming request: GET /api-docs/swagger-ui-bundle.js
2024-09-13T10:10:10.155Z info: Incoming request: GET /api-docs/swagger-ui-standalone-preset.js
2024-09-13T10:10:10.160Z info: Incoming request: GET /api-docs/swagger-ui-init.js
2024-09-13T10:10:10.434Z info: Incoming request: GET /api-docs/favicon-32x32.png
2024-09-13T10:10:19.268Z info: Incoming request: GET /api-docs/
2024-09-13T10:10:19.293Z info: Incoming request: GET /api-docs/swagger-ui.css
2024-09-13T10:10:19.305Z info: Incoming request: GET /api-docs/swagger-ui-bundle.js
2024-09-13T10:10:19.315Z info: Incoming request: GET /api-docs/swagger-ui-standalone-preset.js
2024-09-13T10:10:19.321Z info: Incoming request: GET /api-docs/swagger-ui-init.js
2024-09-13T11:05:10.825Z info: Incoming request: GET /api-docs/
2024-09-13T11:05:10.867Z info: Incoming request: GET /api-docs/swagger-ui.css
2024-09-13T11:05:10.875Z info: Incoming request: GET /api-docs/swagger-ui-bundle.js
2024-09-13T11:05:10.880Z info: Incoming request: GET /api-docs/swagger-ui-standalone-preset.js
2024-09-13T11:05:10.888Z info: Incoming request: GET /api-docs/swagger-ui-init.js
2024-09-13T11:05:11.443Z info: Incoming request: GET /api-docs/favicon-32x32.png
2024-09-13T11:09:07.833Z info: Incoming request: POST /assign-role-permissions
2024-09-13T11:09:16.050Z info: Incoming request: POST /assign-role-permissions
2024-09-13T11:09:26.077Z info: Incoming request: GET /role
2024-09-13T11:09:57.452Z info: Incoming request: POST /assign-role-permissions
2024-09-13T11:09:57.561Z error: column "claimValue" does not exist
2024-09-13T11:13:54.953Z info: Incoming request: POST /assign-role-permissions
2024-09-13T11:54:03.636Z info: Incoming request: POST /get-ItemOne
2024-09-13T11:57:41.314Z info: Incoming request: POST /auth-login
2024-09-13T11:57:58.205Z info: Incoming request: POST /get-ItemOne
2024-09-13T11:59:40.150Z info: Incoming request: POST /auth-login
2024-09-13T12:00:25.936Z info: Incoming request: POST /auth-login
2024-09-13T12:01:21.428Z info: Incoming request: POST /auth-login
2024-09-13T12:02:06.029Z info: Incoming request: POST /get-ItemOne
2024-09-13T12:03:08.919Z error: Unexpected token ] in JSON at position 58
2024-09-13T12:03:17.163Z info: Incoming request: POST /assign-role-permissions
2024-09-13T12:03:26.744Z info: Incoming request: POST /get-ItemOne
2024-09-13T12:04:13.271Z info: Incoming request: POST /get-ItemOne
2024-09-13T12:05:44.353Z info: Incoming request: POST /assign-role-permissions
2024-09-13T12:05:50.826Z info: Incoming request: POST /get-ItemOne
2024-09-13T12:07:02.925Z info: Incoming request: POST /assign-role-permissions
2024-09-13T12:08:49.436Z info: Incoming request: POST /assign-role-permissions
2024-09-13T12:09:13.189Z info: Incoming request: POST /get-ItemOne
2024-09-13T12:12:25.158Z info: Incoming request: POST /assign-role-permissions
2024-09-13T12:12:41.667Z info: Incoming request: POST /get-ItemOne
2024-09-13T12:12:52.738Z info: Incoming request: GET /get-ItemOne/1
2024-09-13T12:13:03.350Z info: Incoming request: POST /assign-role-permissions
2024-09-13T12:13:13.247Z info: Incoming request: GET /get-ItemOne/1
2024-09-13T12:18:42.662Z info: Incoming request: POST /assign-role-permissions
2024-09-13T12:22:45.880Z info: Incoming request: POST /assign-role-permissions
2024-09-13T12:23:40.837Z info: Incoming request: POST /assign-role-permissions
2024-09-13T12:24:32.280Z info: Incoming request: POST /assign-role-permissions
2024-09-13T12:24:48.855Z info: Incoming request: POST /assign-role-permissions
2024-09-13T12:46:31.972Z info: Incoming request: GET /api-docs/
2024-09-13T12:46:32.010Z info: Incoming request: GET /api-docs/swagger-ui.css
2024-09-13T12:46:32.023Z info: Incoming request: GET /api-docs/swagger-ui-bundle.js
2024-09-13T12:46:32.032Z info: Incoming request: GET /api-docs/swagger-ui-standalone-preset.js
2024-09-13T12:46:32.038Z info: Incoming request: GET /api-docs/swagger-ui-init.js
2024-09-13T12:46:32.436Z info: Incoming request: GET /api-docs/favicon-32x32.png
2024-09-13T12:47:41.635Z info: Incoming request: GET /api-docs/
2024-09-13T12:47:41.706Z info: Incoming request: GET /api-docs/swagger-ui.css
2024-09-13T12:47:41.720Z info: Incoming request: GET /api-docs/swagger-ui-bundle.js
2024-09-13T12:47:41.733Z info: Incoming request: GET /api-docs/swagger-ui-standalone-preset.js
2024-09-13T12:47:41.748Z info: Incoming request: GET /api-docs/swagger-ui-init.js
2024-09-13T12:47:42.025Z info: Incoming request: GET /api-docs/favicon-32x32.png
2024-09-13T12:47:50.167Z info: Incoming request: GET /users
2024-09-13T12:48:05.480Z info: Incoming request: GET /users
2024-09-13T12:51:30.088Z info: Incoming request: GET /users
2024-09-13T12:52:15.588Z info: Incoming request: GET /users
2024-09-13T12:57:13.610Z info: Incoming request: GET /users
2024-09-13T12:57:44.732Z info: Incoming request: GET /users
2024-09-13T13:03:09.881Z info: Incoming request: GET /users
2024-09-13T13:03:10.088Z error: column User.UserRoles does not exist
2024-09-13T13:04:06.074Z info: Incoming request: GET /users
2024-09-13T13:04:54.190Z info: Incoming request: GET /users
2024-09-13T13:05:32.292Z info: Incoming request: GET /users
2024-09-13T13:07:06.385Z info: Incoming request: GET /users
2024-09-13T13:08:30.250Z info: Incoming request: POST /assign-role-permissions
2024-09-13T13:08:37.053Z info: Incoming request: POST /assign-role-permissions
2024-09-13T13:08:58.222Z info: Incoming request: GET /users
2024-09-13T13:17:28.362Z info: Incoming request: GET /swagger.json
2024-09-13T13:17:28.421Z info: Incoming request: GET /favicon.ico
2024-09-13T13:18:16.331Z info: Incoming request: GET /swagger.json
2024-09-13T13:18:16.557Z info: Incoming request: GET /favicon.ico
