2024-09-07T07:03:15.625Z info: Incoming request: GET /api-docs/
2024-09-07T07:03:15.690Z info: Incoming request: GET /api-docs/swagger-ui.css
2024-09-07T07:03:15.698Z info: Incoming request: GET /api-docs/swagger-ui-bundle.js
2024-09-07T07:03:15.712Z info: Incoming request: GET /api-docs/swagger-ui-standalone-preset.js
2024-09-07T07:03:15.723Z info: Incoming request: GET /api-docs/swagger-ui-init.js
2024-09-07T07:03:28.167Z info: Incoming request: POST /get-email-template
2024-09-07T07:04:14.002Z info: Incoming request: GET /get-email-template/1
2024-09-07T07:13:25.564Z info: Incoming request: POST /user
2024-09-07T07:14:16.609Z error: Error occurred: Invalid login: 535-5.7.8 Username and Password not accepted. For more information, go to
535 5.7.8  https://support.google.com/mail/?p=BadCredentials ffacd0b85a97d-3789564a2a5sm707601f8f.17 - gsmtp
2024-09-07T07:14:46.298Z info: Incoming request: POST /user
2024-09-07T07:15:31.333Z error: Error occurred: Invalid login: 535-5.7.8 Username and Password not accepted. For more information, go to
535 5.7.8  https://support.google.com/mail/?p=BadCredentials ffacd0b85a97d-378956dbc28sm706487f8f.91 - gsmtp
2024-09-07T07:15:49.918Z info: Incoming request: POST /user
2024-09-07T07:16:01.677Z error: Error occurred: Invalid login: 535-5.7.8 Username and Password not accepted. For more information, go to
535 5.7.8  https://support.google.com/mail/?p=BadCredentials 5b1f17b1804b1-42c9bb7a46csm72746745e9.1 - gsmtp
2024-09-07T07:37:55.439Z info: Incoming request: POST /user
2024-09-07T07:38:17.037Z error: Error occurred: Invalid login: 535-5.7.8 Username and Password not accepted. For more information, go to
535 5.7.8  https://support.google.com/mail/?p=BadCredentials ffacd0b85a97d-378956dd9dcsm748583f8f.92 - gsmtp
2024-09-07T07:43:20.966Z info: Incoming request: POST /user
2024-09-07T07:43:37.350Z error: Error occurred: Invalid login: 535-5.7.8 Username and Password not accepted. For more information, go to
535 5.7.8  https://support.google.com/mail/?p=BadCredentials ffacd0b85a97d-3789564a195sm757592f8f.19 - gsmtp
2024-09-07T07:50:44.780Z info: Incoming request: POST /user
2024-09-07T07:50:56.642Z error: Error occurred:
2024-09-07T07:52:10.348Z info: Incoming request: POST /user
2024-09-07T07:52:40.107Z error: Error occurred:
2024-09-07T07:54:11.791Z info: Incoming request: POST /user
2024-09-07T07:54:56.556Z info: Incoming request: POST /get-email-template
2024-09-07T10:19:44.143Z info: Incoming request: GET /api-docs/
2024-09-07T10:19:44.195Z info: Incoming request: GET /api-docs/swagger-ui.css
2024-09-07T10:19:44.215Z info: Incoming request: GET /api-docs/swagger-ui-bundle.js
2024-09-07T10:19:44.233Z info: Incoming request: GET /api-docs/swagger-ui-standalone-preset.js
2024-09-07T10:19:44.242Z info: Incoming request: GET /api-docs/swagger-ui-init.js
2024-09-07T10:19:44.993Z info: Incoming request: GET /api-docs/favicon-32x32.png
2024-09-07T10:20:12.797Z info: Incoming request: GET /api-docs/
2024-09-07T10:20:12.858Z info: Incoming request: GET /api-docs/swagger-ui.css
2024-09-07T10:20:12.874Z info: Incoming request: GET /api-docs/swagger-ui-bundle.js
2024-09-07T10:20:12.887Z info: Incoming request: GET /api-docs/swagger-ui-standalone-preset.js
2024-09-07T10:20:12.893Z info: Incoming request: GET /api-docs/swagger-ui-init.js
2024-09-07T10:20:13.167Z info: Incoming request: GET /api-docs/favicon-32x32.png
2024-09-07T10:21:28.407Z info: Incoming request: GET /api-docs/
2024-09-07T10:21:28.485Z info: Incoming request: GET /api-docs/swagger-ui.css
2024-09-07T10:21:28.516Z info: Incoming request: GET /api-docs/swagger-ui-bundle.js
2024-09-07T10:21:28.529Z info: Incoming request: GET /api-docs/swagger-ui-standalone-preset.js
2024-09-07T10:21:28.534Z info: Incoming request: GET /api-docs/swagger-ui-init.js
2024-09-07T10:21:29.124Z info: Incoming request: GET /api-docs/favicon-32x32.png
2024-09-07T10:22:55.001Z info: Incoming request: GET /api-docs/
2024-09-07T10:22:55.076Z info: Incoming request: GET /api-docs/swagger-ui.css
2024-09-07T10:22:55.085Z info: Incoming request: GET /api-docs/swagger-ui-bundle.js
2024-09-07T10:22:55.098Z info: Incoming request: GET /api-docs/swagger-ui-standalone-preset.js
2024-09-07T10:22:55.106Z info: Incoming request: GET /api-docs/swagger-ui-init.js
2024-09-07T10:22:55.692Z info: Incoming request: GET /api-docs/favicon-32x32.png
2024-09-07T10:23:51.842Z info: Incoming request: POST /user
2024-09-07T10:24:28.367Z info: Incoming request: POST /user-verification
2024-09-07T12:20:07.564Z info: Incoming request: GET /api-docs/
2024-09-07T12:20:07.883Z info: Incoming request: GET /api-docs/swagger-ui.css
2024-09-07T12:20:07.887Z info: Incoming request: GET /api-docs/swagger-ui-standalone-preset.js
2024-09-07T12:20:07.893Z info: Incoming request: GET /api-docs/swagger-ui-init.js
2024-09-07T12:20:07.898Z info: Incoming request: GET /api-docs/swagger-ui-bundle.js
2024-09-07T12:20:08.210Z info: Incoming request: GET /api-docs/favicon-32x32.png
2024-09-07T12:20:21.478Z info: Incoming request: POST /auth-login
2024-09-07T12:20:21.686Z error: invalid input syntax for type integer: "user@example.com"
2024-09-07T12:22:53.005Z info: Incoming request: POST /auth-login
2024-09-07T12:22:53.028Z error: invalid input syntax for type integer: "user@example.com"
2024-09-07T12:23:07.814Z info: Incoming request: POST /auth-login
2024-09-07T12:23:18.193Z error: invalid input syntax for type integer: "user@example.com"
2024-09-07T12:23:24.401Z info: Incoming request: POST /auth-login
2024-09-07T12:23:37.335Z error: invalid input syntax for type integer: "user@example.com"
2024-09-07T12:23:40.490Z info: Incoming request: POST /auth-login
2024-09-07T12:24:02.457Z info: Incoming request: POST /auth-login
2024-09-07T12:25:07.835Z info: Incoming request: POST /auth-login
2024-09-07T12:25:29.111Z info: Incoming request: POST /auth-login
2024-09-07T12:25:56.065Z info: Incoming request: POST /auth-login
2024-09-07T12:26:25.709Z info: Incoming request: POST /auth-login
2024-09-07T12:28:55.677Z info: Incoming request: POST /auth-login
2024-09-07T12:33:58.681Z info: Incoming request: GET /get-email-template/1
2024-09-07T12:34:16.282Z info: Incoming request: GET /get-email-template/1
2024-09-07T12:36:08.799Z info: Incoming request: GET /get-email-template/1
2024-09-07T12:40:40.645Z info: Incoming request: POST /auth-login
2024-09-07T12:40:55.996Z info: Incoming request: POST /user
2024-09-07T12:41:05.923Z info: Incoming request: POST /user
2024-09-07T12:53:57.799Z info: Incoming request: GET /api-docs/
2024-09-07T12:53:57.856Z info: Incoming request: GET /favicon.ico
2024-09-07T12:54:03.621Z info: Incoming request: GET /favicon.ico
2024-09-07T12:54:05.688Z info: Incoming request: GET /api-docs/
2024-09-07T12:54:05.720Z info: Incoming request: GET /favicon.ico
2024-09-07T12:54:06.223Z info: Incoming request: GET /api-docs/
2024-09-07T12:54:06.277Z info: Incoming request: GET /favicon.ico
2024-09-07T12:54:06.384Z info: Incoming request: GET /api-docs/
2024-09-07T12:54:06.425Z info: Incoming request: GET /favicon.ico
2024-09-07T12:54:06.535Z info: Incoming request: GET /api-docs/
2024-09-07T12:54:06.563Z info: Incoming request: GET /favicon.ico
2024-09-07T12:54:06.837Z info: Incoming request: GET /api-docs/
2024-09-07T12:54:06.868Z info: Incoming request: GET /favicon.ico
2024-09-07T12:54:07.010Z info: Incoming request: GET /api-docs/
2024-09-07T12:54:07.055Z info: Incoming request: GET /favicon.ico
2024-09-07T12:54:19.153Z info: Incoming request: GET /api-docs/
2024-09-07T12:54:19.184Z info: Incoming request: GET /favicon.ico
2024-09-07T12:55:00.806Z info: Incoming request: GET /api-docs/
2024-09-07T12:55:00.838Z info: Incoming request: GET /favicon.ico
2024-09-07T12:55:01.261Z info: Incoming request: GET /api-docs/
2024-09-07T12:55:01.291Z info: Incoming request: GET /favicon.ico
2024-09-07T12:55:01.439Z info: Incoming request: GET /api-docs/
2024-09-07T12:55:01.463Z info: Incoming request: GET /favicon.ico
2024-09-07T12:55:01.579Z info: Incoming request: GET /api-docs/
2024-09-07T12:55:01.615Z info: Incoming request: GET /favicon.ico
2024-09-07T12:55:01.766Z info: Incoming request: GET /api-docs/
2024-09-07T12:55:01.806Z info: Incoming request: GET /favicon.ico
2024-09-07T12:55:16.651Z info: Incoming request: GET /api-docs/
2024-09-07T12:55:16.736Z info: Incoming request: GET /api-docs/swagger-ui.css
2024-09-07T12:55:16.775Z info: Incoming request: GET /api-docs/swagger-ui-bundle.js
2024-09-07T12:55:16.786Z info: Incoming request: GET /api-docs/swagger-ui-standalone-preset.js
2024-09-07T12:55:16.794Z info: Incoming request: GET /api-docs/swagger-ui-init.js
2024-09-07T12:55:17.259Z info: Incoming request: GET /api-docs/favicon-32x32.png
2024-09-07T12:55:27.925Z info: Incoming request: GET /api-docs/
2024-09-07T12:55:28.020Z info: Incoming request: GET /favicon.ico
2024-09-07T12:55:47.227Z info: Incoming request: GET /api-docs/
2024-09-07T12:55:47.364Z info: Incoming request: GET /favicon.ico
2024-09-07T12:55:48.856Z info: Incoming request: GET /api-docs/
2024-09-07T12:55:48.911Z info: Incoming request: GET /favicon.ico
2024-09-07T12:55:49.487Z info: Incoming request: GET /api-docs/
2024-09-07T12:55:49.515Z info: Incoming request: GET /favicon.ico
2024-09-07T13:50:51.309Z info: Incoming request: GET /api-docs/
2024-09-07T13:50:51.354Z info: Incoming request: GET /favicon.ico
2024-09-07T13:53:23.351Z info: Incoming request: GET /api-docs/
2024-09-07T13:53:23.401Z info: Incoming request: GET /favicon.ico
2024-09-07T13:53:24.788Z info: Incoming request: GET /api-docs/
2024-09-07T13:53:24.814Z info: Incoming request: GET /favicon.ico
2024-09-07T13:53:24.948Z info: Incoming request: GET /api-docs/
2024-09-07T13:53:24.982Z info: Incoming request: GET /favicon.ico
2024-09-07T13:53:25.149Z info: Incoming request: GET /api-docs/
2024-09-07T13:53:25.179Z info: Incoming request: GET /favicon.ico
2024-09-07T13:53:25.318Z info: Incoming request: GET /api-docs/
2024-09-07T13:53:25.350Z info: Incoming request: GET /favicon.ico
2024-09-07T13:53:25.455Z info: Incoming request: GET /api-docs/
2024-09-07T13:53:25.482Z info: Incoming request: GET /favicon.ico
2024-09-07T13:53:25.610Z info: Incoming request: GET /api-docs/
2024-09-07T13:53:25.635Z info: Incoming request: GET /favicon.ico
2024-09-07T13:53:25.776Z info: Incoming request: GET /api-docs/
2024-09-07T13:53:25.804Z info: Incoming request: GET /favicon.ico
2024-09-07T14:00:20.624Z info: Incoming request: GET /api-docs/
2024-09-07T14:00:31.361Z info: Incoming request: GET /favicon.ico
2024-09-07T14:02:10.106Z info: Incoming request: GET /api-docs/
2024-09-07T14:02:16.377Z error: Cannot set headers after they are sent to the client
2024-09-07T14:02:16.419Z info: Incoming request: GET /favicon.ico
2024-09-07T14:02:43.837Z info: Incoming request: GET /api-docs/
2024-09-07T14:02:49.765Z info: Incoming request: GET /api-docs/swagger-ui.css
2024-09-07T14:02:51.749Z info: Incoming request: GET /api-docs/swagger-ui-bundle.js
2024-09-07T14:02:53.339Z info: Incoming request: GET /api-docs/swagger-ui-standalone-preset.js
2024-09-07T14:02:53.931Z info: Incoming request: GET /api-docs/swagger-ui-init.js
2024-09-07T14:02:54.757Z info: Incoming request: GET /api-docs/favicon-32x32.png
2024-09-07T14:03:42.329Z info: Incoming request: POST /auth-login
2024-09-07T14:06:00.202Z info: Incoming request: GET /api-docs/
2024-09-07T14:06:00.238Z info: Incoming request: GET /api-docs/swagger-ui.css
2024-09-07T14:06:00.244Z info: Incoming request: GET /api-docs/swagger-ui-bundle.js
2024-09-07T14:06:00.254Z info: Incoming request: GET /api-docs/swagger-ui-standalone-preset.js
2024-09-07T14:06:00.260Z info: Incoming request: GET /api-docs/swagger-ui-init.js
2024-09-07T14:06:00.574Z info: Incoming request: GET /api-docs/favicon-32x32.png
2024-09-07T14:30:20.220Z info: Incoming request: GET /api-docs/
2024-09-07T14:30:20.295Z info: Incoming request: GET /favicon.ico
2024-09-07T14:30:38.388Z info: Incoming request: GET /api-docs/
2024-09-07T14:30:38.437Z info: Incoming request: GET /api-docs/swagger-ui.css
2024-09-07T14:30:38.449Z info: Incoming request: GET /api-docs/swagger-ui-bundle.js
2024-09-07T14:30:38.474Z info: Incoming request: GET /api-docs/swagger-ui-standalone-preset.js
2024-09-07T14:30:38.482Z info: Incoming request: GET /api-docs/swagger-ui-init.js
2024-09-07T14:30:38.902Z info: Incoming request: GET /api-docs/favicon-32x32.png
2024-09-07T14:30:47.541Z info: Incoming request: POST /auth-login
2024-09-07T14:31:01.611Z info: Incoming request: POST /auth-login
2024-09-07T14:31:10.501Z info: Incoming request: POST /auth-login
2024-09-07T14:32:02.037Z info: Incoming request: GET /api-docs/
2024-09-07T14:32:02.103Z info: Incoming request: GET /api-docs/swagger-ui.css
2024-09-07T14:32:02.111Z info: Incoming request: GET /api-docs/swagger-ui-bundle.js
2024-09-07T14:32:02.122Z info: Incoming request: GET /api-docs/swagger-ui-standalone-preset.js
2024-09-07T14:32:02.135Z info: Incoming request: GET /api-docs/swagger-ui-init.js
2024-09-07T14:32:02.416Z info: Incoming request: GET /api-docs/favicon-32x32.png
2024-09-07T14:32:27.926Z info: Incoming request: GET /api-docs/
2024-09-07T14:32:27.970Z info: Incoming request: GET /api-docs/swagger-ui.css
2024-09-07T14:32:27.977Z info: Incoming request: GET /api-docs/swagger-ui-bundle.js
2024-09-07T14:32:27.984Z info: Incoming request: GET /api-docs/swagger-ui-standalone-preset.js
2024-09-07T14:32:27.989Z info: Incoming request: GET /api-docs/swagger-ui-init.js
2024-09-07T14:32:28.117Z info: Incoming request: GET /api-docs/favicon-32x32.png
2024-09-07T14:32:59.399Z info: Incoming request: POST /auth-login
2024-09-07T14:43:39.854Z info: Incoming request: GET /api-docs/
2024-09-07T14:43:39.903Z info: Incoming request: GET /api-docs/swagger-ui.css
2024-09-07T14:43:39.916Z info: Incoming request: GET /api-docs/swagger-ui-bundle.js
2024-09-07T14:43:39.924Z info: Incoming request: GET /api-docs/swagger-ui-standalone-preset.js
2024-09-07T14:43:39.931Z info: Incoming request: GET /api-docs/swagger-ui-init.js
2024-09-07T14:43:40.105Z info: Incoming request: GET /api-docs/favicon-32x32.png
2024-09-07T14:43:47.808Z info: Incoming request: PUT /update-user-activation
2024-09-07T14:43:57.574Z info: Incoming request: PUT /update-user-activation
2024-09-07T14:44:21.753Z info: Incoming request: POST /auth-login
2024-09-07T14:44:42.397Z info: Incoming request: PUT /update-user-activation
2024-09-07T14:44:55.403Z error: Unexpected token a in JSON at position 31
2024-09-07T14:45:04.687Z info: Incoming request: PUT /update-user-activation
2024-09-07T14:45:14.202Z info: Incoming request: PUT /update-user-activation
2024-09-07T14:45:18.051Z info: Incoming request: POST /auth-login
2024-09-07T14:45:25.265Z info: Incoming request: PUT /update-user-activation
2024-09-07T14:45:30.094Z info: Incoming request: POST /auth-login
2024-09-07T15:05:01.119Z info: Incoming request: GET /api-docs/
2024-09-07T15:05:01.155Z info: Incoming request: GET /api-docs/swagger-ui.css
2024-09-07T15:05:01.163Z info: Incoming request: GET /api-docs/swagger-ui-bundle.js
2024-09-07T15:05:01.170Z info: Incoming request: GET /api-docs/swagger-ui-standalone-preset.js
2024-09-07T15:05:01.176Z info: Incoming request: GET /api-docs/swagger-ui-init.js
2024-09-07T15:05:01.472Z info: Incoming request: GET /api-docs/favicon-32x32.png
2024-09-07T15:06:37.199Z info: Incoming request: GET /api-docs/
2024-09-07T15:06:37.259Z info: Incoming request: GET /api-docs/swagger-ui.css
2024-09-07T15:06:37.267Z info: Incoming request: GET /api-docs/swagger-ui-bundle.js
2024-09-07T15:06:37.270Z info: Incoming request: GET /api-docs/swagger-ui-standalone-preset.js
2024-09-07T15:06:37.279Z info: Incoming request: GET /api-docs/swagger-ui-init.js
2024-09-07T15:06:37.605Z info: Incoming request: GET /api-docs/favicon-32x32.png
2024-09-07T15:13:49.201Z info: Incoming request: POST /auth-register
2024-09-07T15:14:30.989Z info: Incoming request: GET /api-docs/
2024-09-07T15:14:31.032Z info: Incoming request: GET /api-docs/swagger-ui.css
2024-09-07T15:14:31.038Z info: Incoming request: GET /api-docs/swagger-ui-bundle.js
2024-09-07T15:14:31.048Z info: Incoming request: GET /api-docs/swagger-ui-standalone-preset.js
2024-09-07T15:14:31.054Z info: Incoming request: GET /api-docs/swagger-ui-init.js
2024-09-07T15:14:31.228Z info: Incoming request: GET /api-docs/favicon-32x32.png
