2024-09-06T09:50:44.094Z info: Incoming request: GET /api-docs/
2024-09-06T09:50:44.136Z info: Incoming request: GET /api-docs/swagger-ui.css
2024-09-06T09:50:44.146Z info: Incoming request: GET /api-docs/swagger-ui-bundle.js
2024-09-06T09:50:44.164Z info: Incoming request: GET /api-docs/swagger-ui-standalone-preset.js
2024-09-06T09:50:44.186Z info: Incoming request: GET /api-docs/swagger-ui-init.js
2024-09-06T09:50:44.622Z info: Incoming request: GET /api-docs/favicon-32x32.png
2024-09-06T09:50:51.613Z info: Incoming request: POST /user
2024-09-06T09:51:08.952Z info: Incoming request: POST /user
2024-09-06T09:51:17.121Z info: Incoming request: POST /user
2024-09-06T09:51:22.221Z error: Uncaught Exception:
2024-09-06T09:52:27.711Z info: Incoming request: POST /user
2024-09-06T09:53:07.479Z info: Incoming request: POST /user
2024-09-06T10:06:28.238Z info: Incoming request: POST /user
2024-09-06T10:07:13.471Z info: Incoming request: POST /user
2024-09-06T10:09:09.014Z info: Incoming request: POST /user
2024-09-06T10:15:19.095Z info: Incoming request: POST /user
2024-09-06T10:16:21.496Z info: Incoming request: POST /user
2024-09-06T10:39:44.982Z error: Uncaught Exception:
2024-09-06T11:35:14.826Z info: Incoming request: GET /api-docs/
2024-09-06T11:35:14.948Z info: Incoming request: GET /api-docs/swagger-ui.css
2024-09-06T11:35:14.954Z info: Incoming request: GET /api-docs/swagger-ui-bundle.js
2024-09-06T11:35:14.970Z info: Incoming request: GET /api-docs/swagger-ui-standalone-preset.js
2024-09-06T11:35:14.976Z info: Incoming request: GET /api-docs/swagger-ui-init.js
2024-09-06T11:35:15.799Z info: Incoming request: GET /api-docs/favicon-32x32.png
2024-09-06T11:41:18.909Z info: Incoming request: GET /api-docs/
2024-09-06T11:41:18.990Z info: Incoming request: GET /api-docs/swagger-ui.css
2024-09-06T11:41:19.008Z info: Incoming request: GET /api-docs/swagger-ui-bundle.js
2024-09-06T11:41:19.018Z info: Incoming request: GET /api-docs/swagger-ui-standalone-preset.js
2024-09-06T11:41:19.024Z info: Incoming request: GET /api-docs/swagger-ui-init.js
2024-09-06T11:41:19.315Z info: Incoming request: GET /api-docs/favicon-32x32.png
2024-09-06T11:44:26.015Z info: Incoming request: GET /api-docs/
2024-09-06T11:44:26.151Z info: Incoming request: GET /api-docs/swagger-ui.css
2024-09-06T11:44:26.166Z info: Incoming request: GET /api-docs/swagger-ui-bundle.js
2024-09-06T11:44:26.180Z info: Incoming request: GET /api-docs/swagger-ui-standalone-preset.js
2024-09-06T11:44:26.184Z info: Incoming request: GET /api-docs/swagger-ui-init.js
2024-09-06T11:44:26.778Z info: Incoming request: GET /api-docs/favicon-32x32.png
2024-09-06T11:50:53.710Z info: Incoming request: POST /email-template
2024-09-06T11:51:21.770Z info: Incoming request: POST /email-template
2024-09-06T11:52:17.578Z info: Incoming request: POST /email-template
2024-09-06T11:59:08.076Z info: Incoming request: GET /api-docs/
2024-09-06T11:59:08.182Z info: Incoming request: GET /api-docs/swagger-ui.css
2024-09-06T11:59:08.238Z info: Incoming request: GET /api-docs/swagger-ui-bundle.js
2024-09-06T11:59:08.254Z info: Incoming request: GET /api-docs/swagger-ui-standalone-preset.js
2024-09-06T11:59:08.270Z info: Incoming request: GET /api-docs/swagger-ui-init.js
2024-09-06T11:59:09.001Z info: Incoming request: GET /api-docs/favicon-32x32.png
2024-09-06T11:59:27.625Z info: Incoming request: POST /get-email-template
2024-09-06T12:08:47.161Z info: Incoming request: GET /api-docs/
2024-09-06T12:08:47.286Z info: Incoming request: GET /api-docs/swagger-ui.css
2024-09-06T12:08:47.301Z info: Incoming request: GET /api-docs/swagger-ui-bundle.js
2024-09-06T12:08:47.310Z info: Incoming request: GET /api-docs/swagger-ui-standalone-preset.js
2024-09-06T12:08:47.316Z info: Incoming request: GET /api-docs/swagger-ui-init.js
2024-09-06T12:08:47.613Z info: Incoming request: GET /api-docs/favicon-32x32.png
2024-09-06T12:08:54.592Z info: Incoming request: GET /get-email-template/1
2024-09-06T12:09:09.259Z info: Incoming request: GET /get-email-template/2
2024-09-06T12:15:04.778Z info: Incoming request: POST /email-template
2024-09-06T12:15:16.202Z info: Incoming request: GET /get-email-template/1
2024-09-06T12:15:28.885Z info: Incoming request: POST /get-email-template
2024-09-06T12:21:46.574Z info: Incoming request: GET /get-email-template/1
2024-09-06T12:21:58.134Z info: Incoming request: POST /get-email-template
2024-09-06T14:51:13.507Z error: Uncaught Exception:
