2024-09-12T10:12:53.935Z info: Incoming request: GET /api-docs/
2024-09-12T10:12:54.008Z info: Incoming request: GET /api-docs/swagger-ui.css
2024-09-12T10:12:54.021Z info: Incoming request: GET /api-docs/swagger-ui-bundle.js
2024-09-12T10:12:54.031Z info: Incoming request: GET /api-docs/swagger-ui-standalone-preset.js
2024-09-12T10:12:54.036Z info: Incoming request: GET /api-docs/swagger-ui-init.js
2024-09-12T10:14:05.478Z info: Incoming request: POST /auth-login
2024-09-12T10:27:42.049Z info: Incoming request: POST /get-ItemOne
2024-09-12T11:51:52.304Z info: Incoming request: GET /api-docs/
2024-09-12T11:51:52.368Z info: Incoming request: GET /api-docs/swagger-ui.css
2024-09-12T11:51:52.379Z info: Incoming request: GET /api-docs/swagger-ui-bundle.js
2024-09-12T11:51:52.391Z info: Incoming request: GET /api-docs/swagger-ui-standalone-preset.js
2024-09-12T11:51:52.396Z info: Incoming request: GET /api-docs/swagger-ui-init.js
2024-09-12T11:51:52.976Z info: Incoming request: GET /api-docs/favicon-32x32.png
2024-09-12T11:52:04.491Z info: Incoming request: POST /role
2024-09-12T11:52:27.119Z info: Incoming request: POST /role
2024-09-12T11:54:41.230Z info: Incoming request: POST /role
2024-09-12T12:06:50.115Z info: Incoming request: GET /api-docs/
2024-09-12T12:06:50.159Z info: Incoming request: GET /api-docs/swagger-ui.css
2024-09-12T12:06:50.165Z info: Incoming request: GET /api-docs/swagger-ui-bundle.js
2024-09-12T12:06:50.172Z info: Incoming request: GET /api-docs/swagger-ui-standalone-preset.js
2024-09-12T12:06:50.175Z info: Incoming request: GET /api-docs/swagger-ui-init.js
2024-09-12T12:06:50.507Z info: Incoming request: GET /api-docs/favicon-32x32.png
2024-09-12T12:07:02.906Z info: Incoming request: PUT /role
2024-09-12T12:07:17.916Z info: Incoming request: PUT /role
2024-09-12T12:07:24.890Z info: Incoming request: PUT /role
2024-09-12T12:07:28.562Z info: Incoming request: PUT /role
2024-09-12T12:17:02.251Z info: Incoming request: GET /api-docs/
2024-09-12T12:17:02.300Z info: Incoming request: GET /api-docs/swagger-ui.css
2024-09-12T12:17:02.304Z info: Incoming request: GET /api-docs/swagger-ui-bundle.js
2024-09-12T12:17:02.309Z info: Incoming request: GET /api-docs/swagger-ui-standalone-preset.js
2024-09-12T12:17:02.312Z info: Incoming request: GET /api-docs/swagger-ui-init.js
2024-09-12T12:17:02.679Z info: Incoming request: GET /api-docs/favicon-32x32.png
2024-09-12T12:18:57.384Z info: Incoming request: GET /api-docs/
2024-09-12T12:18:57.463Z info: Incoming request: GET /api-docs/swagger-ui.css
2024-09-12T12:18:57.475Z info: Incoming request: GET /api-docs/swagger-ui-bundle.js
2024-09-12T12:18:57.477Z info: Incoming request: GET /api-docs/swagger-ui-standalone-preset.js
2024-09-12T12:18:57.482Z info: Incoming request: GET /api-docs/swagger-ui-init.js
2024-09-12T12:18:57.715Z info: Incoming request: GET /api-docs/favicon-32x32.png
2024-09-12T12:19:09.764Z info: Incoming request: GET /role
2024-09-12T12:35:11.317Z info: Incoming request: GET /api-docs/
2024-09-12T12:35:11.369Z info: Incoming request: GET /api-docs/swagger-ui.css
2024-09-12T12:35:11.376Z info: Incoming request: GET /api-docs/swagger-ui-bundle.js
2024-09-12T12:35:11.386Z info: Incoming request: GET /api-docs/swagger-ui-standalone-preset.js
2024-09-12T12:35:11.390Z info: Incoming request: GET /api-docs/swagger-ui-init.js
2024-09-12T12:35:11.703Z info: Incoming request: GET /api-docs/favicon-32x32.png
2024-09-12T12:35:23.231Z info: Incoming request: DELETE /role/2
2024-09-12T12:35:23.781Z error: column "name" does not exist
2024-09-12T12:36:24.796Z info: Incoming request: DELETE /role/2
2024-09-12T12:36:29.710Z info: Incoming request: DELETE /role/2
2024-09-12T13:49:30.470Z info: Incoming request: GET /role
