2024-09-11T07:16:49.083Z info: Incoming request: GET /api-docs/
2024-09-11T07:16:49.138Z info: Incoming request: GET /api-docs/swagger-ui-bundle.js
2024-09-11T07:16:49.145Z info: Incoming request: GET /api-docs/swagger-ui.css
2024-09-11T07:16:49.191Z info: Incoming request: GET /api-docs/swagger-ui-standalone-preset.js
2024-09-11T07:16:49.202Z info: Incoming request: GET /api-docs/swagger-ui-init.js
2024-09-11T07:17:12.759Z info: Incoming request: POST /auth-login
2024-09-11T07:17:31.849Z info: Incoming request: POST /get-ItemOne
2024-09-11T07:18:10.760Z info: Incoming request: GET /get-ItemOne/2
2024-09-11T07:18:48.096Z info: Incoming request: GET /public/files/uploads/Items/f6a59b5b204f6eb095eb5f3e-Agreement_Details.pdf
2024-09-11T07:18:48.422Z info: Incoming request: GET /favicon.ico
2024-09-11T07:28:32.780Z info: Incoming request: GET /api-docs/
2024-09-11T07:28:32.832Z info: Incoming request: GET /api-docs/swagger-ui.css
2024-09-11T07:28:32.839Z info: Incoming request: GET /api-docs/swagger-ui-bundle.js
2024-09-11T07:28:32.849Z info: Incoming request: GET /api-docs/swagger-ui-standalone-preset.js
2024-09-11T07:28:32.851Z info: Incoming request: GET /api-docs/swagger-ui-init.js
2024-09-11T07:28:33.555Z info: Incoming request: GET /api-docs/favicon-32x32.png
2024-09-11T07:29:05.076Z info: Incoming request: POST /get-ItemOne
2024-09-11T07:29:16.098Z info: Incoming request: PUT /ItemOne
2024-09-11T07:29:21.062Z info: Incoming request: POST /get-ItemOne
2024-09-11T07:30:56.125Z info: Incoming request: POST /get-ItemOne
2024-09-11T07:31:08.646Z info: Incoming request: PUT /ItemOne
2024-09-11T07:31:12.147Z info: Incoming request: POST /get-ItemOne
2024-09-11T07:31:41.205Z info: Incoming request: GET /api-docs/
2024-09-11T07:31:41.252Z info: Incoming request: GET /api-docs/swagger-ui.css
2024-09-11T07:31:41.258Z info: Incoming request: GET /api-docs/swagger-ui-bundle.js
2024-09-11T07:31:41.260Z info: Incoming request: GET /api-docs/swagger-ui-standalone-preset.js
2024-09-11T07:31:41.293Z info: Incoming request: GET /api-docs/swagger-ui-init.js
2024-09-11T07:31:47.054Z info: Incoming request: GET /public/files/uploads/Items/5a2830838c13878a500c5ca7%5E%5E%5EUIN.PDF__2_.pdf
2024-09-11T07:31:47.165Z info: Incoming request: GET /favicon.ico
2024-09-11T07:46:15.330Z info: Incoming request: GET /api-docs/
2024-09-11T07:46:15.377Z info: Incoming request: GET /api-docs/swagger-ui.css
2024-09-11T07:46:15.391Z info: Incoming request: GET /api-docs/swagger-ui-bundle.js
2024-09-11T07:46:15.397Z info: Incoming request: GET /api-docs/swagger-ui-standalone-preset.js
2024-09-11T07:46:15.399Z info: Incoming request: GET /api-docs/swagger-ui-init.js
2024-09-11T07:46:16.132Z info: Incoming request: GET /api-docs/favicon-32x32.png
2024-09-11T07:48:13.892Z info: Incoming request: GET /api-docs/
2024-09-11T07:48:13.933Z info: Incoming request: GET /api-docs/swagger-ui.css
2024-09-11T07:48:13.938Z info: Incoming request: GET /api-docs/swagger-ui-bundle.js
2024-09-11T07:48:13.942Z info: Incoming request: GET /api-docs/swagger-ui-standalone-preset.js
2024-09-11T07:48:13.950Z info: Incoming request: GET /api-docs/swagger-ui-init.js
2024-09-11T07:48:14.302Z info: Incoming request: GET /api-docs/favicon-32x32.png
2024-09-11T07:51:41.340Z info: Incoming request: GET /api-docs/
2024-09-11T07:51:41.449Z info: Incoming request: GET /api-docs/swagger-ui.css
2024-09-11T07:51:41.466Z info: Incoming request: GET /api-docs/swagger-ui-bundle.js
2024-09-11T07:51:41.469Z info: Incoming request: GET /api-docs/swagger-ui-standalone-preset.js
2024-09-11T07:51:41.471Z info: Incoming request: GET /api-docs/swagger-ui-init.js
2024-09-11T07:51:41.863Z info: Incoming request: GET /api-docs/favicon-32x32.png
2024-09-11T07:51:46.117Z info: Incoming request: POST /get-email-template
2024-09-11T07:52:01.585Z info: Incoming request: POST /get-email-template
2024-09-11T07:52:10.741Z info: Incoming request: POST /get-ItemOne
2024-09-11T07:59:47.567Z info: Incoming request: GET /api-docs/
2024-09-11T07:59:47.642Z info: Incoming request: GET /api-docs/swagger-ui.css
2024-09-11T07:59:47.661Z info: Incoming request: GET /api-docs/swagger-ui-bundle.js
2024-09-11T07:59:47.671Z info: Incoming request: GET /api-docs/swagger-ui-standalone-preset.js
2024-09-11T07:59:47.674Z info: Incoming request: GET /api-docs/swagger-ui-init.js
2024-09-11T07:59:48.175Z info: Incoming request: GET /api-docs/favicon-32x32.png
2024-09-11T08:01:02.346Z info: Incoming request: PUT /ItemOne
2024-09-11T08:01:17.598Z info: Incoming request: GET /get-ItemOne/1
2024-09-11T08:26:23.192Z info: Incoming request: GET /api-docs/
2024-09-11T08:26:23.243Z info: Incoming request: GET /api-docs/swagger-ui.css
2024-09-11T08:26:23.253Z info: Incoming request: GET /api-docs/swagger-ui-bundle.js
2024-09-11T08:26:23.265Z info: Incoming request: GET /api-docs/swagger-ui-standalone-preset.js
2024-09-11T08:26:23.269Z info: Incoming request: GET /api-docs/swagger-ui-init.js
2024-09-11T08:26:23.750Z info: Incoming request: GET /api-docs/favicon-32x32.png
2024-09-11T08:26:31.118Z info: Incoming request: DELETE /ItemOne/2
2024-09-11T08:26:55.604Z info: Incoming request: DELETE /ItemOne/2
2024-09-11T08:28:01.470Z info: Incoming request: DELETE /ItemOne/2
