2024-09-10T08:19:50.020Z info: Incoming request: GET /api-docs/
2024-09-10T08:19:50.061Z info: Incoming request: GET /api-docs/swagger-ui.css
2024-09-10T08:19:50.066Z info: Incoming request: GET /api-docs/swagger-ui-bundle.js
2024-09-10T08:19:50.074Z info: Incoming request: GET /api-docs/swagger-ui-standalone-preset.js
2024-09-10T08:19:50.077Z info: Incoming request: GET /api-docs/swagger-ui-init.js
2024-09-10T08:20:12.072Z info: Incoming request: POST /auth-login
2024-09-10T08:39:54.631Z info: Incoming request: GET /api-docs/
2024-09-10T08:39:54.667Z info: Incoming request: GET /api-docs/swagger-ui.css
2024-09-10T08:39:54.670Z info: Incoming request: GET /api-docs/swagger-ui-bundle.js
2024-09-10T08:39:54.674Z info: Incoming request: GET /api-docs/swagger-ui-standalone-preset.js
2024-09-10T08:39:54.679Z info: Incoming request: GET /api-docs/swagger-ui-init.js
2024-09-10T08:39:55.033Z info: Incoming request: GET /api-docs/favicon-32x32.png
2024-09-10T08:42:31.199Z info: Incoming request: GET /api-docs/
2024-09-10T08:42:31.233Z info: Incoming request: GET /api-docs/swagger-ui.css
2024-09-10T08:42:31.236Z info: Incoming request: GET /api-docs/swagger-ui-bundle.js
2024-09-10T08:42:31.242Z info: Incoming request: GET /api-docs/swagger-ui-standalone-preset.js
2024-09-10T08:42:31.245Z info: Incoming request: GET /api-docs/swagger-ui-init.js
2024-09-10T08:42:31.496Z info: Incoming request: GET /api-docs/favicon-32x32.png
2024-09-10T08:43:11.642Z info: Incoming request: POST /auth-login
2024-09-10T08:43:51.792Z info: Incoming request: POST /ItemOne
2024-09-10T08:44:05.684Z info: Incoming request: POST /ItemOne
2024-09-10T08:44:43.208Z info: Incoming request: POST /ItemOne
2024-09-10T08:44:54.714Z error: relation "ItemOne" does not exist
2024-09-10T08:45:02.457Z info: Incoming request: POST /ItemOne
2024-09-10T08:45:07.340Z error: relation "ItemOne" does not exist
2024-09-10T08:46:06.895Z info: Incoming request: POST /ItemOne
2024-09-10T08:46:50.814Z info: Incoming request: POST /ItemOne
2024-09-10T08:53:42.493Z info: Incoming request: POST /ItemOne
2024-09-10T09:25:30.633Z info: Incoming request: GET /api-docs/
2024-09-10T09:25:30.669Z info: Incoming request: GET /api-docs/swagger-ui.css
2024-09-10T09:25:30.674Z info: Incoming request: GET /api-docs/swagger-ui-bundle.js
2024-09-10T09:25:30.684Z info: Incoming request: GET /api-docs/swagger-ui-standalone-preset.js
2024-09-10T09:25:30.689Z info: Incoming request: GET /api-docs/swagger-ui-init.js
2024-09-10T09:25:30.998Z info: Incoming request: GET /api-docs/favicon-32x32.png
2024-09-10T09:25:48.935Z info: Incoming request: POST /get-ItemOne
2024-09-10T09:26:40.896Z info: Incoming request: POST /get-ItemOne
2024-09-10T09:27:14.649Z info: Incoming request: GET /public/files/uploads/Items/5a708597f1ad4432cb0c06d5%5E%5E%5EAgreement_Details.pdf
2024-09-10T09:27:14.723Z info: Incoming request: GET /favicon.ico
2024-09-10T09:28:08.638Z info: Incoming request: GET /public/files/uploads/Items/5a708597f1ad4432cb0c06d5%5E%5E%5EAgreement_Details.pdf
2024-09-10T09:28:37.139Z info: Incoming request: GET /public/files/uploads/Items/5a708597f1ad4432cb0c06d5%5E%5E%5EAgreement_Details.pdf
2024-09-10T09:28:53.922Z info: Incoming request: GET /public/files/uploads/Items/f6a59b5b204f6eb095eb5f3e-Agreement_Details.pdf
2024-09-10T09:32:50.689Z info: Incoming request: GET /public/files/uploads/Items/f6a59b5b204f6eb095eb5f3e-Agreement_Details.pdf
2024-09-10T09:32:52.745Z info: Incoming request: GET /firebase-messaging-sw.js
2024-09-10T09:33:08.895Z info: Incoming request: GET /public/files/uploads/Items/f6a59b5b204f6eb095eb5f3e-Agreement_Details.pdf
2024-09-10T09:33:10.442Z info: Incoming request: GET /firebase-messaging-sw.js
2024-09-10T09:33:23.442Z info: Incoming request: GET /public/files/uploads/Items/f6a59b5b204f6eb095eb5f3e-Agreement_Details.pdf
2024-09-10T09:33:25.192Z info: Incoming request: GET /firebase-messaging-sw.js
2024-09-10T09:34:55.143Z info: Incoming request: GET /public/files/uploads/Items/f6a59b5b204f6eb095eb5f3e-Agreement_Details.pdf
2024-09-10T09:37:16.187Z info: Incoming request: GET /public/files/uploads/Items/f6a59b5b204f6eb095eb5f3e-Agreement_Details.pdf
2024-09-10T09:41:17.000Z info: Incoming request: GET /public/files/uploads/Items/f6a59b5b204f6eb095eb5f3e-Agreement_Details.pdf
2024-09-10T09:42:11.974Z info: Incoming request: GET /public/files/uploads/Items/f6a59b5b204f6eb095eb5f3e-Agreement_Details.pdf
2024-09-10T09:43:27.051Z info: Incoming request: GET /public/files/uploads/Items/f6a59b5b204f6eb095eb5f3e-Agreement_Details.pdf
2024-09-10T09:43:27.930Z info: Incoming request: GET /public/files/uploads/Items/f6a59b5b204f6eb095eb5f3e-Agreement_Details.pdf
2024-09-10T09:43:28.547Z info: Incoming request: GET /public/files/uploads/Items/f6a59b5b204f6eb095eb5f3e-Agreement_Details.pdf
2024-09-10T09:43:28.980Z info: Incoming request: GET /public/files/uploads/Items/f6a59b5b204f6eb095eb5f3e-Agreement_Details.pdf
2024-09-10T09:43:51.575Z info: Incoming request: GET /public/files/uploads/Items/f6a59b5b204f6eb095eb5f3e-Agreement_Details.pdf
2024-09-10T09:43:52.282Z info: Incoming request: GET /public/files/uploads/Items/f6a59b5b204f6eb095eb5f3e-Agreement_Details.pdf
2024-09-10T09:43:52.446Z info: Incoming request: GET /public/files/uploads/Items/f6a59b5b204f6eb095eb5f3e-Agreement_Details.pdf
2024-09-10T09:43:52.589Z info: Incoming request: GET /public/files/uploads/Items/f6a59b5b204f6eb095eb5f3e-Agreement_Details.pdf
2024-09-10T09:43:52.739Z info: Incoming request: GET /public/files/uploads/Items/f6a59b5b204f6eb095eb5f3e-Agreement_Details.pdf
2024-09-10T09:43:52.890Z info: Incoming request: GET /public/files/uploads/Items/f6a59b5b204f6eb095eb5f3e-Agreement_Details.pdf
2024-09-10T09:45:54.567Z info: Incoming request: GET /public/files/uploads/Items/f6a59b5b204f6eb095eb5f3e-Agreement_Details.pdf
2024-09-10T09:45:54.627Z info: Incoming request: GET /favicon.ico
2024-09-10T09:46:19.489Z info: Incoming request: GET /public/files/uploads/Items/5a708597f1ad4432cb0c06d5%5E%5E%5EAgreement_Details.pdf
2024-09-10T09:46:19.548Z info: Incoming request: GET /favicon.ico
2024-09-10T10:03:53.179Z info: Incoming request: POST /get-ItemOne
2024-09-10T10:09:05.706Z info: Incoming request: GET /api-docs/
2024-09-10T10:09:05.749Z info: Incoming request: GET /api-docs/swagger-ui.css
2024-09-10T10:09:05.756Z info: Incoming request: GET /api-docs/swagger-ui-bundle.js
2024-09-10T10:09:05.765Z info: Incoming request: GET /api-docs/swagger-ui-standalone-preset.js
2024-09-10T10:09:05.768Z info: Incoming request: GET /api-docs/swagger-ui-init.js
2024-09-10T10:09:06.242Z info: Incoming request: GET /api-docs/favicon-32x32.png
2024-09-10T10:09:22.164Z info: Incoming request: POST /get-ItemOne
2024-09-10T10:09:34.541Z info: Incoming request: GET /get-ItemOne/2
2024-09-10T10:17:24.143Z info: Incoming request: GET /api-docs/
2024-09-10T10:17:24.187Z info: Incoming request: GET /api-docs/swagger-ui.css
2024-09-10T10:17:24.196Z info: Incoming request: GET /api-docs/swagger-ui-bundle.js
2024-09-10T10:17:24.203Z info: Incoming request: GET /api-docs/swagger-ui-standalone-preset.js
2024-09-10T10:17:24.208Z info: Incoming request: GET /api-docs/swagger-ui-init.js
2024-09-10T10:17:24.518Z info: Incoming request: GET /api-docs/favicon-32x32.png
2024-09-10T10:17:40.966Z info: Incoming request: GET /get-ItemOne/2
2024-09-10T10:29:35.443Z info: Incoming request: GET /get-ItemOne/2
2024-09-10T10:30:26.294Z info: Incoming request: GET /get-ItemOne/2
2024-09-10T10:30:47.768Z info: Incoming request: GET /get-ItemOne/2
2024-09-10T10:30:52.233Z info: Incoming request: POST /get-ItemOne
